<?xml version="1.0" encoding="UTF-8"?>
<testsuite xmlns:xsi="http://www.w3.org/2001/XMLSchema-instance" xsi:noNamespaceSchemaLocation="https://maven.apache.org/surefire/maven-surefire-plugin/xsd/surefire-test-report.xsd" name="org.javaboy.vhr.VhrApplicationTests" time="6.565" tests="1" errors="0" skipped="0" failures="0">
  <properties>
    <property name="sun.desktop" value="windows"/>
    <property name="awt.toolkit" value="sun.awt.windows.WToolkit"/>
    <property name="file.encoding.pkg" value="sun.io"/>
    <property name="java.specification.version" value="1.8"/>
    <property name="sun.cpu.isalist" value="amd64"/>
    <property name="sun.jnu.encoding" value="GBK"/>
    <property name="java.class.path" value="F:\DataSave\IDEATest\Java\SpringBootAndVue\Update\20220822\backend\vhr\vhrserver\vhr-web\target\test-classes;F:\DataSave\IDEATest\Java\SpringBootAndVue\Update\20220822\backend\vhr\vhrserver\vhr-web\target\classes;F:\DataSave\IDEATest\Java\SpringBootAndVue\Update\20220822\backend\vhr\vhrserver\vhr-service\target\vhr-service-1.0-SNAPSHOT.jar;F:\DataSave\IDEATest\Java\SpringBootAndVue\Update\20220822\backend\vhr\vhrserver\vhr-mapper\target\vhr-mapper-1.0-SNAPSHOT.jar;F:\DataSave\IDEATest\Java\SpringBootAndVue\Update\20220822\backend\vhr\vhrserver\vhr-model\target\vhr-model-1.0-SNAPSHOT.jar;D:\Maven\Maven3\install\repository\org\springframework\boot\spring-boot-starter-security\2.1.8.RELEASE\spring-boot-starter-security-2.1.8.RELEASE.jar;D:\Maven\Maven3\install\repository\org\springframework\security\spring-security-config\5.1.6.RELEASE\spring-security-config-5.1.6.RELEASE.jar;D:\Maven\Maven3\install\repository\org\mybatis\spring\boot\mybatis-spring-boot-starter\2.1.0\mybatis-spring-boot-starter-2.1.0.jar;D:\Maven\Maven3\install\repository\org\springframework\boot\spring-boot-starter-jdbc\2.1.8.RELEASE\spring-boot-starter-jdbc-2.1.8.RELEASE.jar;D:\Maven\Maven3\install\repository\com\zaxxer\HikariCP\3.2.0\HikariCP-3.2.0.jar;D:\Maven\Maven3\install\repository\org\springframework\spring-jdbc\5.1.9.RELEASE\spring-jdbc-5.1.9.RELEASE.jar;D:\Maven\Maven3\install\repository\org\mybatis\spring\boot\mybatis-spring-boot-autoconfigure\2.1.0\mybatis-spring-boot-autoconfigure-2.1.0.jar;D:\Maven\Maven3\install\repository\org\mybatis\mybatis\3.5.2\mybatis-3.5.2.jar;D:\Maven\Maven3\install\repository\org\mybatis\mybatis-spring\2.0.2\mybatis-spring-2.0.2.jar;D:\Maven\Maven3\install\repository\com\alibaba\druid-spring-boot-starter\1.1.10\druid-spring-boot-starter-1.1.10.jar;D:\Maven\Maven3\install\repository\com\alibaba\druid\1.1.10\druid-1.1.10.jar;D:\Maven\Maven3\install\repository\org\springframework\boot\spring-boot-starter-amqp\2.1.8.RELEASE\spring-boot-starter-amqp-2.1.8.RELEASE.jar;D:\Maven\Maven3\install\repository\org\springframework\amqp\spring-rabbit\2.1.8.RELEASE\spring-rabbit-2.1.8.RELEASE.jar;D:\Maven\Maven3\install\repository\org\springframework\amqp\spring-amqp\2.1.8.RELEASE\spring-amqp-2.1.8.RELEASE.jar;D:\Maven\Maven3\install\repository\org\springframework\retry\spring-retry\1.2.4.RELEASE\spring-retry-1.2.4.RELEASE.jar;D:\Maven\Maven3\install\repository\com\rabbitmq\amqp-client\5.4.3\amqp-client-5.4.3.jar;D:\Maven\Maven3\install\repository\org\springframework\spring-tx\5.1.9.RELEASE\spring-tx-5.1.9.RELEASE.jar;D:\Maven\Maven3\install\repository\org\apache\poi\poi\4.1.1\poi-4.1.1.jar;D:\Maven\Maven3\install\repository\commons-codec\commons-codec\1.11\commons-codec-1.11.jar;D:\Maven\Maven3\install\repository\org\apache\commons\commons-collections4\4.4\commons-collections4-4.4.jar;D:\Maven\Maven3\install\repository\org\apache\commons\commons-math3\3.6.1\commons-math3-3.6.1.jar;D:\Maven\Maven3\install\repository\mysql\mysql-connector-java\8.0.17\mysql-connector-java-8.0.17.jar;D:\Maven\Maven3\install\repository\org\springframework\boot\spring-boot-starter-websocket\2.1.8.RELEASE\spring-boot-starter-websocket-2.1.8.RELEASE.jar;D:\Maven\Maven3\install\repository\org\springframework\boot\spring-boot-starter-web\2.1.8.RELEASE\spring-boot-starter-web-2.1.8.RELEASE.jar;D:\Maven\Maven3\install\repository\org\springframework\boot\spring-boot-starter-json\2.1.8.RELEASE\spring-boot-starter-json-2.1.8.RELEASE.jar;D:\Maven\Maven3\install\repository\com\fasterxml\jackson\core\jackson-databind\2.9.9.3\jackson-databind-2.9.9.3.jar;D:\Maven\Maven3\install\repository\com\fasterxml\jackson\core\jackson-annotations\2.9.0\jackson-annotations-2.9.0.jar;D:\Maven\Maven3\install\repository\com\fasterxml\jackson\core\jackson-core\2.9.9\jackson-core-2.9.9.jar;D:\Maven\Maven3\install\repository\com\fasterxml\jackson\datatype\jackson-datatype-jdk8\2.9.9\jackson-datatype-jdk8-2.9.9.jar;D:\Maven\Maven3\install\repository\com\fasterxml\jackson\datatype\jackson-datatype-jsr310\2.9.9\jackson-datatype-jsr310-2.9.9.jar;D:\Maven\Maven3\install\repository\com\fasterxml\jackson\module\jackson-module-parameter-names\2.9.9\jackson-module-parameter-names-2.9.9.jar;D:\Maven\Maven3\install\repository\org\springframework\boot\spring-boot-starter-tomcat\2.1.8.RELEASE\spring-boot-starter-tomcat-2.1.8.RELEASE.jar;D:\Maven\Maven3\install\repository\org\apache\tomcat\embed\tomcat-embed-core\9.0.24\tomcat-embed-core-9.0.24.jar;D:\Maven\Maven3\install\repository\org\apache\tomcat\embed\tomcat-embed-el\9.0.24\tomcat-embed-el-9.0.24.jar;D:\Maven\Maven3\install\repository\org\apache\tomcat\embed\tomcat-embed-websocket\9.0.24\tomcat-embed-websocket-9.0.24.jar;D:\Maven\Maven3\install\repository\org\hibernate\validator\hibernate-validator\6.0.17.Final\hibernate-validator-6.0.17.Final.jar;D:\Maven\Maven3\install\repository\javax\validation\validation-api\2.0.1.Final\validation-api-2.0.1.Final.jar;D:\Maven\Maven3\install\repository\org\jboss\logging\jboss-logging\3.3.3.Final\jboss-logging-3.3.3.Final.jar;D:\Maven\Maven3\install\repository\com\fasterxml\classmate\1.4.0\classmate-1.4.0.jar;D:\Maven\Maven3\install\repository\org\springframework\spring-web\5.1.9.RELEASE\spring-web-5.1.9.RELEASE.jar;D:\Maven\Maven3\install\repository\org\springframework\spring-webmvc\5.1.9.RELEASE\spring-webmvc-5.1.9.RELEASE.jar;D:\Maven\Maven3\install\repository\org\springframework\spring-messaging\5.1.9.RELEASE\spring-messaging-5.1.9.RELEASE.jar;D:\Maven\Maven3\install\repository\org\springframework\spring-beans\5.1.9.RELEASE\spring-beans-5.1.9.RELEASE.jar;D:\Maven\Maven3\install\repository\org\springframework\spring-websocket\5.1.9.RELEASE\spring-websocket-5.1.9.RELEASE.jar;D:\Maven\Maven3\install\repository\org\springframework\spring-context\5.1.9.RELEASE\spring-context-5.1.9.RELEASE.jar;D:\Maven\Maven3\install\repository\org\springframework\boot\spring-boot-starter-test\2.1.8.RELEASE\spring-boot-starter-test-2.1.8.RELEASE.jar;D:\Maven\Maven3\install\repository\org\springframework\boot\spring-boot-starter\2.1.8.RELEASE\spring-boot-starter-2.1.8.RELEASE.jar;D:\Maven\Maven3\install\repository\org\springframework\boot\spring-boot\2.1.8.RELEASE\spring-boot-2.1.8.RELEASE.jar;D:\Maven\Maven3\install\repository\org\springframework\boot\spring-boot-autoconfigure\2.1.8.RELEASE\spring-boot-autoconfigure-2.1.8.RELEASE.jar;D:\Maven\Maven3\install\repository\org\springframework\boot\spring-boot-starter-logging\2.1.8.RELEASE\spring-boot-starter-logging-2.1.8.RELEASE.jar;D:\Maven\Maven3\install\repository\ch\qos\logback\logback-classic\1.2.3\logback-classic-1.2.3.jar;D:\Maven\Maven3\install\repository\ch\qos\logback\logback-core\1.2.3\logback-core-1.2.3.jar;D:\Maven\Maven3\install\repository\org\apache\logging\log4j\log4j-to-slf4j\2.11.2\log4j-to-slf4j-2.11.2.jar;D:\Maven\Maven3\install\repository\org\apache\logging\log4j\log4j-api\2.11.2\log4j-api-2.11.2.jar;D:\Maven\Maven3\install\repository\org\slf4j\jul-to-slf4j\1.7.28\jul-to-slf4j-1.7.28.jar;D:\Maven\Maven3\install\repository\javax\annotation\javax.annotation-api\1.3.2\javax.annotation-api-1.3.2.jar;D:\Maven\Maven3\install\repository\org\yaml\snakeyaml\1.23\snakeyaml-1.23.jar;D:\Maven\Maven3\install\repository\org\springframework\boot\spring-boot-test\2.1.8.RELEASE\spring-boot-test-2.1.8.RELEASE.jar;D:\Maven\Maven3\install\repository\org\springframework\boot\spring-boot-test-autoconfigure\2.1.8.RELEASE\spring-boot-test-autoconfigure-2.1.8.RELEASE.jar;D:\Maven\Maven3\install\repository\com\jayway\jsonpath\json-path\2.4.0\json-path-2.4.0.jar;D:\Maven\Maven3\install\repository\net\minidev\json-smart\2.3\json-smart-2.3.jar;D:\Maven\Maven3\install\repository\net\minidev\accessors-smart\1.2\accessors-smart-1.2.jar;D:\Maven\Maven3\install\repository\org\ow2\asm\asm\5.0.4\asm-5.0.4.jar;D:\Maven\Maven3\install\repository\org\slf4j\slf4j-api\1.7.28\slf4j-api-1.7.28.jar;D:\Maven\Maven3\install\repository\junit\junit\4.12\junit-4.12.jar;D:\Maven\Maven3\install\repository\org\assertj\assertj-core\3.11.1\assertj-core-3.11.1.jar;D:\Maven\Maven3\install\repository\org\mockito\mockito-core\2.23.4\mockito-core-2.23.4.jar;D:\Maven\Maven3\install\repository\net\bytebuddy\byte-buddy\1.9.16\byte-buddy-1.9.16.jar;D:\Maven\Maven3\install\repository\net\bytebuddy\byte-buddy-agent\1.9.16\byte-buddy-agent-1.9.16.jar;D:\Maven\Maven3\install\repository\org\objenesis\objenesis\2.6\objenesis-2.6.jar;D:\Maven\Maven3\install\repository\org\hamcrest\hamcrest-core\1.3\hamcrest-core-1.3.jar;D:\Maven\Maven3\install\repository\org\hamcrest\hamcrest-library\1.3\hamcrest-library-1.3.jar;D:\Maven\Maven3\install\repository\org\skyscreamer\jsonassert\1.5.0\jsonassert-1.5.0.jar;D:\Maven\Maven3\install\repository\com\vaadin\external\google\android-json\0.0.20131108.vaadin1\android-json-0.0.20131108.vaadin1.jar;D:\Maven\Maven3\install\repository\org\springframework\spring-core\5.1.9.RELEASE\spring-core-5.1.9.RELEASE.jar;D:\Maven\Maven3\install\repository\org\springframework\spring-jcl\5.1.9.RELEASE\spring-jcl-5.1.9.RELEASE.jar;D:\Maven\Maven3\install\repository\org\springframework\spring-test\5.1.9.RELEASE\spring-test-5.1.9.RELEASE.jar;D:\Maven\Maven3\install\repository\org\xmlunit\xmlunit-core\2.6.3\xmlunit-core-2.6.3.jar;D:\Maven\Maven3\install\repository\org\springframework\security\spring-security-test\5.1.6.RELEASE\spring-security-test-5.1.6.RELEASE.jar;D:\Maven\Maven3\install\repository\org\springframework\security\spring-security-core\5.1.6.RELEASE\spring-security-core-5.1.6.RELEASE.jar;D:\Maven\Maven3\install\repository\org\springframework\spring-aop\5.1.9.RELEASE\spring-aop-5.1.9.RELEASE.jar;D:\Maven\Maven3\install\repository\org\springframework\spring-expression\5.1.9.RELEASE\spring-expression-5.1.9.RELEASE.jar;D:\Maven\Maven3\install\repository\org\springframework\security\spring-security-web\5.1.6.RELEASE\spring-security-web-5.1.6.RELEASE.jar;"/>
    <property name="java.vm.vendor" value="Oracle Corporation"/>
    <property name="sun.arch.data.model" value="64"/>
    <property name="user.variant" value=""/>
    <property name="java.vendor.url" value="http://java.oracle.com/"/>
    <property name="user.timezone" value="Asia/Shanghai"/>
    <property name="java.vm.specification.version" value="1.8"/>
    <property name="os.name" value="Windows 10"/>
    <property name="user.country" value="CN"/>
    <property name="sun.java.launcher" value="SUN_STANDARD"/>
    <property name="sun.boot.library.path" value="D:\Java\Java8\jdk\jre\bin"/>
    <property name="sun.java.command" value="C:\Users\Talian\AppData\Local\Temp\surefire253553985801124953\surefirebooter6136456111018212827.jar C:\Users\Talian\AppData\Local\Temp\surefire253553985801124953 2022-08-23T11-32-53_072-jvmRun1 surefire6788267038962772422tmp surefire_07671542678613640618tmp"/>
    <property name="surefire.test.class.path" value="F:\DataSave\IDEATest\Java\SpringBootAndVue\Update\20220822\backend\vhr\vhrserver\vhr-web\target\test-classes;F:\DataSave\IDEATest\Java\SpringBootAndVue\Update\20220822\backend\vhr\vhrserver\vhr-web\target\classes;F:\DataSave\IDEATest\Java\SpringBootAndVue\Update\20220822\backend\vhr\vhrserver\vhr-service\target\vhr-service-1.0-SNAPSHOT.jar;F:\DataSave\IDEATest\Java\SpringBootAndVue\Update\20220822\backend\vhr\vhrserver\vhr-mapper\target\vhr-mapper-1.0-SNAPSHOT.jar;F:\DataSave\IDEATest\Java\SpringBootAndVue\Update\20220822\backend\vhr\vhrserver\vhr-model\target\vhr-model-1.0-SNAPSHOT.jar;D:\Maven\Maven3\install\repository\org\springframework\boot\spring-boot-starter-security\2.1.8.RELEASE\spring-boot-starter-security-2.1.8.RELEASE.jar;D:\Maven\Maven3\install\repository\org\springframework\security\spring-security-config\5.1.6.RELEASE\spring-security-config-5.1.6.RELEASE.jar;D:\Maven\Maven3\install\repository\org\mybatis\spring\boot\mybatis-spring-boot-starter\2.1.0\mybatis-spring-boot-starter-2.1.0.jar;D:\Maven\Maven3\install\repository\org\springframework\boot\spring-boot-starter-jdbc\2.1.8.RELEASE\spring-boot-starter-jdbc-2.1.8.RELEASE.jar;D:\Maven\Maven3\install\repository\com\zaxxer\HikariCP\3.2.0\HikariCP-3.2.0.jar;D:\Maven\Maven3\install\repository\org\springframework\spring-jdbc\5.1.9.RELEASE\spring-jdbc-5.1.9.RELEASE.jar;D:\Maven\Maven3\install\repository\org\mybatis\spring\boot\mybatis-spring-boot-autoconfigure\2.1.0\mybatis-spring-boot-autoconfigure-2.1.0.jar;D:\Maven\Maven3\install\repository\org\mybatis\mybatis\3.5.2\mybatis-3.5.2.jar;D:\Maven\Maven3\install\repository\org\mybatis\mybatis-spring\2.0.2\mybatis-spring-2.0.2.jar;D:\Maven\Maven3\install\repository\com\alibaba\druid-spring-boot-starter\1.1.10\druid-spring-boot-starter-1.1.10.jar;D:\Maven\Maven3\install\repository\com\alibaba\druid\1.1.10\druid-1.1.10.jar;D:\Maven\Maven3\install\repository\org\springframework\boot\spring-boot-starter-amqp\2.1.8.RELEASE\spring-boot-starter-amqp-2.1.8.RELEASE.jar;D:\Maven\Maven3\install\repository\org\springframework\amqp\spring-rabbit\2.1.8.RELEASE\spring-rabbit-2.1.8.RELEASE.jar;D:\Maven\Maven3\install\repository\org\springframework\amqp\spring-amqp\2.1.8.RELEASE\spring-amqp-2.1.8.RELEASE.jar;D:\Maven\Maven3\install\repository\org\springframework\retry\spring-retry\1.2.4.RELEASE\spring-retry-1.2.4.RELEASE.jar;D:\Maven\Maven3\install\repository\com\rabbitmq\amqp-client\5.4.3\amqp-client-5.4.3.jar;D:\Maven\Maven3\install\repository\org\springframework\spring-tx\5.1.9.RELEASE\spring-tx-5.1.9.RELEASE.jar;D:\Maven\Maven3\install\repository\org\apache\poi\poi\4.1.1\poi-4.1.1.jar;D:\Maven\Maven3\install\repository\commons-codec\commons-codec\1.11\commons-codec-1.11.jar;D:\Maven\Maven3\install\repository\org\apache\commons\commons-collections4\4.4\commons-collections4-4.4.jar;D:\Maven\Maven3\install\repository\org\apache\commons\commons-math3\3.6.1\commons-math3-3.6.1.jar;D:\Maven\Maven3\install\repository\mysql\mysql-connector-java\8.0.17\mysql-connector-java-8.0.17.jar;D:\Maven\Maven3\install\repository\org\springframework\boot\spring-boot-starter-websocket\2.1.8.RELEASE\spring-boot-starter-websocket-2.1.8.RELEASE.jar;D:\Maven\Maven3\install\repository\org\springframework\boot\spring-boot-starter-web\2.1.8.RELEASE\spring-boot-starter-web-2.1.8.RELEASE.jar;D:\Maven\Maven3\install\repository\org\springframework\boot\spring-boot-starter-json\2.1.8.RELEASE\spring-boot-starter-json-2.1.8.RELEASE.jar;D:\Maven\Maven3\install\repository\com\fasterxml\jackson\core\jackson-databind\2.9.9.3\jackson-databind-2.9.9.3.jar;D:\Maven\Maven3\install\repository\com\fasterxml\jackson\core\jackson-annotations\2.9.0\jackson-annotations-2.9.0.jar;D:\Maven\Maven3\install\repository\com\fasterxml\jackson\core\jackson-core\2.9.9\jackson-core-2.9.9.jar;D:\Maven\Maven3\install\repository\com\fasterxml\jackson\datatype\jackson-datatype-jdk8\2.9.9\jackson-datatype-jdk8-2.9.9.jar;D:\Maven\Maven3\install\repository\com\fasterxml\jackson\datatype\jackson-datatype-jsr310\2.9.9\jackson-datatype-jsr310-2.9.9.jar;D:\Maven\Maven3\install\repository\com\fasterxml\jackson\module\jackson-module-parameter-names\2.9.9\jackson-module-parameter-names-2.9.9.jar;D:\Maven\Maven3\install\repository\org\springframework\boot\spring-boot-starter-tomcat\2.1.8.RELEASE\spring-boot-starter-tomcat-2.1.8.RELEASE.jar;D:\Maven\Maven3\install\repository\org\apache\tomcat\embed\tomcat-embed-core\9.0.24\tomcat-embed-core-9.0.24.jar;D:\Maven\Maven3\install\repository\org\apache\tomcat\embed\tomcat-embed-el\9.0.24\tomcat-embed-el-9.0.24.jar;D:\Maven\Maven3\install\repository\org\apache\tomcat\embed\tomcat-embed-websocket\9.0.24\tomcat-embed-websocket-9.0.24.jar;D:\Maven\Maven3\install\repository\org\hibernate\validator\hibernate-validator\6.0.17.Final\hibernate-validator-6.0.17.Final.jar;D:\Maven\Maven3\install\repository\javax\validation\validation-api\2.0.1.Final\validation-api-2.0.1.Final.jar;D:\Maven\Maven3\install\repository\org\jboss\logging\jboss-logging\3.3.3.Final\jboss-logging-3.3.3.Final.jar;D:\Maven\Maven3\install\repository\com\fasterxml\classmate\1.4.0\classmate-1.4.0.jar;D:\Maven\Maven3\install\repository\org\springframework\spring-web\5.1.9.RELEASE\spring-web-5.1.9.RELEASE.jar;D:\Maven\Maven3\install\repository\org\springframework\spring-webmvc\5.1.9.RELEASE\spring-webmvc-5.1.9.RELEASE.jar;D:\Maven\Maven3\install\repository\org\springframework\spring-messaging\5.1.9.RELEASE\spring-messaging-5.1.9.RELEASE.jar;D:\Maven\Maven3\install\repository\org\springframework\spring-beans\5.1.9.RELEASE\spring-beans-5.1.9.RELEASE.jar;D:\Maven\Maven3\install\repository\org\springframework\spring-websocket\5.1.9.RELEASE\spring-websocket-5.1.9.RELEASE.jar;D:\Maven\Maven3\install\repository\org\springframework\spring-context\5.1.9.RELEASE\spring-context-5.1.9.RELEASE.jar;D:\Maven\Maven3\install\repository\org\springframework\boot\spring-boot-starter-test\2.1.8.RELEASE\spring-boot-starter-test-2.1.8.RELEASE.jar;D:\Maven\Maven3\install\repository\org\springframework\boot\spring-boot-starter\2.1.8.RELEASE\spring-boot-starter-2.1.8.RELEASE.jar;D:\Maven\Maven3\install\repository\org\springframework\boot\spring-boot\2.1.8.RELEASE\spring-boot-2.1.8.RELEASE.jar;D:\Maven\Maven3\install\repository\org\springframework\boot\spring-boot-autoconfigure\2.1.8.RELEASE\spring-boot-autoconfigure-2.1.8.RELEASE.jar;D:\Maven\Maven3\install\repository\org\springframework\boot\spring-boot-starter-logging\2.1.8.RELEASE\spring-boot-starter-logging-2.1.8.RELEASE.jar;D:\Maven\Maven3\install\repository\ch\qos\logback\logback-classic\1.2.3\logback-classic-1.2.3.jar;D:\Maven\Maven3\install\repository\ch\qos\logback\logback-core\1.2.3\logback-core-1.2.3.jar;D:\Maven\Maven3\install\repository\org\apache\logging\log4j\log4j-to-slf4j\2.11.2\log4j-to-slf4j-2.11.2.jar;D:\Maven\Maven3\install\repository\org\apache\logging\log4j\log4j-api\2.11.2\log4j-api-2.11.2.jar;D:\Maven\Maven3\install\repository\org\slf4j\jul-to-slf4j\1.7.28\jul-to-slf4j-1.7.28.jar;D:\Maven\Maven3\install\repository\javax\annotation\javax.annotation-api\1.3.2\javax.annotation-api-1.3.2.jar;D:\Maven\Maven3\install\repository\org\yaml\snakeyaml\1.23\snakeyaml-1.23.jar;D:\Maven\Maven3\install\repository\org\springframework\boot\spring-boot-test\2.1.8.RELEASE\spring-boot-test-2.1.8.RELEASE.jar;D:\Maven\Maven3\install\repository\org\springframework\boot\spring-boot-test-autoconfigure\2.1.8.RELEASE\spring-boot-test-autoconfigure-2.1.8.RELEASE.jar;D:\Maven\Maven3\install\repository\com\jayway\jsonpath\json-path\2.4.0\json-path-2.4.0.jar;D:\Maven\Maven3\install\repository\net\minidev\json-smart\2.3\json-smart-2.3.jar;D:\Maven\Maven3\install\repository\net\minidev\accessors-smart\1.2\accessors-smart-1.2.jar;D:\Maven\Maven3\install\repository\org\ow2\asm\asm\5.0.4\asm-5.0.4.jar;D:\Maven\Maven3\install\repository\org\slf4j\slf4j-api\1.7.28\slf4j-api-1.7.28.jar;D:\Maven\Maven3\install\repository\junit\junit\4.12\junit-4.12.jar;D:\Maven\Maven3\install\repository\org\assertj\assertj-core\3.11.1\assertj-core-3.11.1.jar;D:\Maven\Maven3\install\repository\org\mockito\mockito-core\2.23.4\mockito-core-2.23.4.jar;D:\Maven\Maven3\install\repository\net\bytebuddy\byte-buddy\1.9.16\byte-buddy-1.9.16.jar;D:\Maven\Maven3\install\repository\net\bytebuddy\byte-buddy-agent\1.9.16\byte-buddy-agent-1.9.16.jar;D:\Maven\Maven3\install\repository\org\objenesis\objenesis\2.6\objenesis-2.6.jar;D:\Maven\Maven3\install\repository\org\hamcrest\hamcrest-core\1.3\hamcrest-core-1.3.jar;D:\Maven\Maven3\install\repository\org\hamcrest\hamcrest-library\1.3\hamcrest-library-1.3.jar;D:\Maven\Maven3\install\repository\org\skyscreamer\jsonassert\1.5.0\jsonassert-1.5.0.jar;D:\Maven\Maven3\install\repository\com\vaadin\external\google\android-json\0.0.20131108.vaadin1\android-json-0.0.20131108.vaadin1.jar;D:\Maven\Maven3\install\repository\org\springframework\spring-core\5.1.9.RELEASE\spring-core-5.1.9.RELEASE.jar;D:\Maven\Maven3\install\repository\org\springframework\spring-jcl\5.1.9.RELEASE\spring-jcl-5.1.9.RELEASE.jar;D:\Maven\Maven3\install\repository\org\springframework\spring-test\5.1.9.RELEASE\spring-test-5.1.9.RELEASE.jar;D:\Maven\Maven3\install\repository\org\xmlunit\xmlunit-core\2.6.3\xmlunit-core-2.6.3.jar;D:\Maven\Maven3\install\repository\org\springframework\security\spring-security-test\5.1.6.RELEASE\spring-security-test-5.1.6.RELEASE.jar;D:\Maven\Maven3\install\repository\org\springframework\security\spring-security-core\5.1.6.RELEASE\spring-security-core-5.1.6.RELEASE.jar;D:\Maven\Maven3\install\repository\org\springframework\spring-aop\5.1.9.RELEASE\spring-aop-5.1.9.RELEASE.jar;D:\Maven\Maven3\install\repository\org\springframework\spring-expression\5.1.9.RELEASE\spring-expression-5.1.9.RELEASE.jar;D:\Maven\Maven3\install\repository\org\springframework\security\spring-security-web\5.1.6.RELEASE\spring-security-web-5.1.6.RELEASE.jar;"/>
    <property name="sun.cpu.endian" value="little"/>
    <property name="user.home" value="C:\Users\Talian"/>
    <property name="user.language" value="zh"/>
    <property name="java.specification.vendor" value="Oracle Corporation"/>
    <property name="java.home" value="D:\Java\Java8\jdk\jre"/>
    <property name="basedir" value="F:\DataSave\IDEATest\Java\SpringBootAndVue\Update\20220822\backend\vhr\vhrserver\vhr-web"/>
    <property name="file.separator" value="\"/>
    <property name="line.separator" value="&#10;"/>
    <property name="java.vm.specification.vendor" value="Oracle Corporation"/>
    <property name="java.specification.name" value="Java Platform API Specification"/>
    <property name="java.awt.graphicsenv" value="sun.awt.Win32GraphicsEnvironment"/>
    <property name="surefire.real.class.path" value="C:\Users\Talian\AppData\Local\Temp\surefire253553985801124953\surefirebooter6136456111018212827.jar"/>
    <property name="sun.boot.class.path" value="D:\Java\Java8\jdk\jre\lib\resources.jar;D:\Java\Java8\jdk\jre\lib\rt.jar;D:\Java\Java8\jdk\jre\lib\sunrsasign.jar;D:\Java\Java8\jdk\jre\lib\jsse.jar;D:\Java\Java8\jdk\jre\lib\jce.jar;D:\Java\Java8\jdk\jre\lib\charsets.jar;D:\Java\Java8\jdk\jre\lib\jfr.jar;D:\Java\Java8\jdk\jre\classes"/>
    <property name="user.script" value=""/>
    <property name="sun.management.compiler" value="HotSpot 64-Bit Tiered Compilers"/>
    <property name="java.runtime.version" value="1.8.0_181-b13"/>
    <property name="user.name" value="Talian"/>
    <property name="path.separator" value=";"/>
    <property name="os.version" value="10.0"/>
    <property name="java.endorsed.dirs" value="D:\Java\Java8\jdk\jre\lib\endorsed"/>
    <property name="java.runtime.name" value="Java(TM) SE Runtime Environment"/>
    <property name="file.encoding" value="GBK"/>
    <property name="java.vm.name" value="Java HotSpot(TM) 64-Bit Server VM"/>
    <property name="localRepository" value="D:\Maven\Maven3\install\repository"/>
    <property name="java.vendor.url.bug" value="http://bugreport.sun.com/bugreport/"/>
    <property name="java.io.tmpdir" value="C:\Users\Talian\AppData\Local\Temp\"/>
    <property name="idea.version" value="2020.3"/>
    <property name="java.version" value="1.8.0_181"/>
    <property name="user.dir" value="F:\DataSave\IDEATest\Java\SpringBootAndVue\Update\20220822\backend\vhr\vhrserver\vhr-web"/>
    <property name="os.arch" value="amd64"/>
    <property name="java.vm.specification.name" value="Java Virtual Machine Specification"/>
    <property name="java.awt.printerjob" value="sun.awt.windows.WPrinterJob"/>
    <property name="sun.os.patch.level" value=""/>
    <property name="java.library.path" value="D:\Java\Java8\jdk\jre\bin;C:\Windows\Sun\Java\bin;C:\Windows\system32;C:\Windows;C:\Program Files\Microsoft\jdk-11.0.12.7-hotspot\bin;D:\Python\install\Scripts\;D:\Python\install\;D:\Java\Java11\jdk\bin;D:\Java\Java11\jdk\jre\bin;C:\Windows\system32;C:\Windows;C:\Windows\System32\Wbem;C:\Windows\System32\WindowsPowerShell\v1.0\;C:\Windows\System32\OpenSSH\;C:\Program Files\MySQL\MySQL Server 8.0\bin;D:\Maven\Maven3\install\apache-maven-3.8.2-bin\apache-maven-3.8.2\bin;C:\Program Files\Git\bin;D:\Environment\Nodejs\install\;D:\Putty\install\;C:\Program Files\Git\cmd;C:\Program Files (x86)\NVIDIA Corporation\PhysX\Common;C:\Program Files\Common Files\Autodesk Shared\;C:\Program Files\Microsoft SQL Server\120\Tools\Binn\;C:\Program Files\NVIDIA Corporation\NVIDIA NvDLISR;C:\Program Files (x86)\Calibre2\;C:\Program Files\MySQL\MySQL Shell 8.0\bin\;C:\Users\Talian\AppData\Local\Microsoft\WindowsApps;D:\VisualStudioCode\install\Microsoft VS Code\bin;C:\Users\Talian\AppData\Roaming\npm;G:\Games\QQGames\Hall.57795\;."/>
    <property name="java.vm.info" value="mixed mode"/>
    <property name="java.vendor" value="Oracle Corporation"/>
    <property name="java.vm.version" value="25.181-b13"/>
    <property name="java.ext.dirs" value="D:\Java\Java8\jdk\jre\lib\ext;C:\Windows\Sun\Java\lib\ext"/>
    <property name="sun.io.unicode.encoding" value="UnicodeLittle"/>
    <property name="maven.repo.local" value="D:\Maven\Maven3\install\repository"/>
    <property name="java.class.version" value="52.0"/>
  </properties>
  <testcase name="contextLoads" classname="org.javaboy.vhr.VhrApplicationTests" time="0.161"/>
</testsuite>